<?xml version="1.0" encoding="UTF-8"?>
<!-- Generated by org.testng.reporters.JUnitReportReporter -->
<testsuite skipped="1" hostname="DESKTOP-MCEU9RJ" name="project.ExtentReport" tests="4" failures="0" timestamp="26 Feb 2019 05:26:47 GMT" time="0.330" errors="1">
  <testcase name="failTest" time="0.028" classname="project.ExtentReport"/>
  <testcase name="endReport" time="0.291" classname="project.ExtentReport">
    <error type="java.lang.NoClassDefFoundError" message="org/bson/types/ObjectId">
      <![CDATA[java.lang.NoClassDefFoundError: org/bson/types/ObjectId
at java.lang.Class.getDeclaredMethods0(Native Method)
at java.lang.Class.privateGetDeclaredMethods(Unknown Source)
at java.lang.Class.privateGetPublicMethods(Unknown Source)
at java.lang.Class.getMethods(Unknown Source)
at freemarker.ext.beans.ClassIntrospector.discoverAccessibleMethods(ClassIntrospector.java:464)
at freemarker.ext.beans.ClassIntrospector.discoverAccessibleMethods(ClassIntrospector.java:457)
at freemarker.ext.beans.ClassIntrospector.createClassIntrospectionData(ClassIntrospector.java:268)
at freemarker.ext.beans.ClassIntrospector.get(ClassIntrospector.java:244)
at freemarker.ext.beans.BeanModel.<init>(BeanModel.java:114)
at freemarker.ext.beans.BeanModel.<init>(BeanModel.java:104)
at freemarker.ext.beans.StringModel.<init>(StringModel.java:52)
at freemarker.ext.beans.StringModel$1.create(StringModel.java:37)
at freemarker.ext.beans.BeansModelCache.create(BeansModelCache.java:71)
at freemarker.ext.util.ModelCache.getInstance(ModelCache.java:84)
at freemarker.ext.beans.BeansWrapper.wrap(BeansWrapper.java:860)
at freemarker.template.DefaultObjectWrapper.handleUnknownType(DefaultObjectWrapper.java:235)
at freemarker.template.DefaultObjectWrapper.wrap(DefaultObjectWrapper.java:214)
at freemarker.template.WrappingTemplateModel.wrap(WrappingTemplateModel.java:105)
at freemarker.template.DefaultListAdapter.get(DefaultListAdapter.java:75)
at freemarker.core.DynamicKeyName.dealWithNumericalKey(DynamicKeyName.java:104)
at freemarker.core.DynamicKeyName._eval(DynamicKeyName.java:69)
at freemarker.core.Expression.eval(Expression.java:78)
at freemarker.core.Assignment.accept(Assignment.java:131)
at freemarker.core.Environment.visit(Environment.java:324)
at freemarker.core.MixedContent.accept(MixedContent.java:54)
at freemarker.core.Environment.visitByHiddingParent(Environment.java:345)
at freemarker.core.ConditionalBlock.accept(ConditionalBlock.java:48)
at freemarker.core.Environment.visit(Environment.java:324)
at freemarker.core.MixedContent.accept(MixedContent.java:54)
at freemarker.core.Environment.visit(Environment.java:324)
at freemarker.core.Environment.process(Environment.java:302)
at freemarker.template.Template.process(Template.java:325)
at com.aventstack.extentreports.reporter.ExtentHtmlReporter.flush(ExtentHtmlReporter.java:145)
at java.util.ArrayList.forEach(Unknown Source)
at com.aventstack.extentreports.Report.notifyReporters(Report.java:210)
at com.aventstack.extentreports.Report.flush(Report.java:132)
at com.aventstack.extentreports.ExtentReports.flush(ExtentReports.java:261)
at project.ExtentReport.endReport(ExtentReport.java:77)
at sun.reflect.NativeMethodAccessorImpl.invoke0(Native Method)
at sun.reflect.NativeMethodAccessorImpl.invoke(Unknown Source)
at sun.reflect.DelegatingMethodAccessorImpl.invoke(Unknown Source)
at java.lang.reflect.Method.invoke(Unknown Source)
at org.testng.internal.MethodInvocationHelper.invokeMethod(MethodInvocationHelper.java:124)
at org.testng.internal.MethodInvocationHelper.invokeMethodConsideringTimeout(MethodInvocationHelper.java:59)
at org.testng.internal.Invoker.invokeConfigurationMethod(Invoker.java:455)
at org.testng.internal.Invoker.invokeConfigurations(Invoker.java:222)
at org.testng.internal.Invoker.invokeConfigurations(Invoker.java:142)
at org.testng.TestRunner.afterRun(TestRunner.java:725)
at org.testng.TestRunner.run(TestRunner.java:509)
at org.testng.SuiteRunner.runTest(SuiteRunner.java:455)
at org.testng.SuiteRunner.runSequentially(SuiteRunner.java:450)
at org.testng.SuiteRunner.privateRun(SuiteRunner.java:415)
at org.testng.SuiteRunner.run(SuiteRunner.java:364)
at org.testng.SuiteRunnerWorker.runSuite(SuiteRunnerWorker.java:52)
at org.testng.SuiteRunnerWorker.run(SuiteRunnerWorker.java:84)
at org.testng.TestNG.runSuitesSequentially(TestNG.java:1208)
at org.testng.TestNG.runSuitesLocally(TestNG.java:1137)
at org.testng.TestNG.runSuites(TestNG.java:1049)
at org.testng.TestNG.run(TestNG.java:1017)
at org.testng.remote.AbstractRemoteTestNG.run(AbstractRemoteTestNG.java:114)
at org.testng.remote.RemoteTestNG.initAndRun(RemoteTestNG.java:251)
at org.testng.remote.RemoteTestNG.main(RemoteTestNG.java:77)
Caused by: java.lang.ClassNotFoundException: org.bson.types.ObjectId
at java.net.URLClassLoader.findClass(Unknown Source)
at java.lang.ClassLoader.loadClass(Unknown Source)
at sun.misc.Launcher$AppClassLoader.loadClass(Unknown Source)
at java.lang.ClassLoader.loadClass(Unknown Source)
... 62 more
]]>
    </error>
  </testcase> <!-- endReport -->
  <testcase name="passTest" time="0.008" classname="project.ExtentReport"/>
  <testcase name="skipTest" time="0.003" classname="project.ExtentReport">
    <skipped/>
  </testcase> <!-- skipTest -->
</testsuite> <!-- project.ExtentReport -->
