<?xml version="1.0" encoding="UTF-8"?>
<!-- Generated by org.testng.reporters.JUnitReportReporter -->
<testsuite skipped="18" hostname="DESKTOP-MCEU9RJ" name="project.ExtentReportsExample" tests="19" failures="0" timestamp="27 Jan 2019 16:41:35 GMT" time="0.070" errors="1">
  <testcase name="failTest" time="0.000" classname="project.ExtentReportsExample">
    <skipped/>
  </testcase> <!-- failTest -->
  <testcase name="startReport" time="0.070" classname="project.ExtentReportsExample">
    <error type="java.lang.NoClassDefFoundError" message="freemarker/template/TemplateModelException">
      <![CDATA[java.lang.NoClassDefFoundError: freemarker/template/TemplateModelException
at com.relevantcodes.extentreports.ExtentReports.<init>(ExtentReports.java:86)
at com.relevantcodes.extentreports.ExtentReports.<init>(ExtentReports.java:375)
at project.ExtentReportsExample.startReport(ExtentReportsExample.java:26)
at sun.reflect.NativeMethodAccessorImpl.invoke0(Native Method)
at sun.reflect.NativeMethodAccessorImpl.invoke(Unknown Source)
at sun.reflect.DelegatingMethodAccessorImpl.invoke(Unknown Source)
at java.lang.reflect.Method.invoke(Unknown Source)
at org.testng.internal.MethodInvocationHelper.invokeMethod(MethodInvocationHelper.java:124)
at org.testng.internal.MethodInvocationHelper.invokeMethodConsideringTimeout(MethodInvocationHelper.java:59)
at org.testng.internal.Invoker.invokeConfigurationMethod(Invoker.java:455)
at org.testng.internal.Invoker.invokeConfigurations(Invoker.java:222)
at org.testng.internal.Invoker.invokeConfigurations(Invoker.java:142)
at org.testng.TestRunner.beforeRun(TestRunner.java:529)
at org.testng.TestRunner.run(TestRunner.java:497)
at org.testng.SuiteRunner.runTest(SuiteRunner.java:455)
at org.testng.SuiteRunner.runSequentially(SuiteRunner.java:450)
at org.testng.SuiteRunner.privateRun(SuiteRunner.java:415)
at org.testng.SuiteRunner.run(SuiteRunner.java:364)
at org.testng.SuiteRunnerWorker.runSuite(SuiteRunnerWorker.java:52)
at org.testng.SuiteRunnerWorker.run(SuiteRunnerWorker.java:84)
at org.testng.TestNG.runSuitesSequentially(TestNG.java:1208)
at org.testng.TestNG.runSuitesLocally(TestNG.java:1137)
at org.testng.TestNG.runSuites(TestNG.java:1049)
at org.testng.TestNG.run(TestNG.java:1017)
at org.testng.remote.AbstractRemoteTestNG.run(AbstractRemoteTestNG.java:114)
at org.testng.remote.RemoteTestNG.initAndRun(RemoteTestNG.java:251)
at org.testng.remote.RemoteTestNG.main(RemoteTestNG.java:77)
Caused by: java.lang.ClassNotFoundException: freemarker.template.TemplateModelException
at java.net.URLClassLoader.findClass(Unknown Source)
at java.lang.ClassLoader.loadClass(Unknown Source)
at sun.misc.Launcher$AppClassLoader.loadClass(Unknown Source)
at java.lang.ClassLoader.loadClass(Unknown Source)
... 27 more
]]>
    </error>
  </testcase> <!-- startReport -->
  <testcase name="skipTest" time="0.000" classname="project.ExtentReportsExample">
    <skipped/>
  </testcase> <!-- skipTest -->
  <testcase name="passTest" time="0.000" classname="project.ExtentReportsExample">
    <skipped/>
  </testcase> <!-- passTest -->
  <testcase name="TestCase1" time="0.000" classname="project.ExtentReportsExample">
    <skipped/>
  </testcase> <!-- TestCase1 -->
  <testcase name="TestCase2" time="0.000" classname="project.ExtentReportsExample">
    <skipped/>
  </testcase> <!-- TestCase2 -->
  <testcase name="TestCase3" time="0.000" classname="project.ExtentReportsExample">
    <skipped/>
  </testcase> <!-- TestCase3 -->
  <testcase name="TestCase4" time="0.000" classname="project.ExtentReportsExample">
    <skipped/>
  </testcase> <!-- TestCase4 -->
  <testcase name="TestCase5" time="0.000" classname="project.ExtentReportsExample">
    <skipped/>
  </testcase> <!-- TestCase5 -->
  <testcase name="TestCase6" time="0.000" classname="project.ExtentReportsExample">
    <skipped/>
  </testcase> <!-- TestCase6 -->
  <testcase name="TestCase7" time="0.000" classname="project.ExtentReportsExample">
    <skipped/>
  </testcase> <!-- TestCase7 -->
  <testcase name="TestCase8" time="0.000" classname="project.ExtentReportsExample">
    <skipped/>
  </testcase> <!-- TestCase8 -->
  <testcase name="TestCase9" time="0.000" classname="project.ExtentReportsExample">
    <skipped/>
  </testcase> <!-- TestCase9 -->
  <testcase name="TestCase10" time="0.000" classname="project.ExtentReportsExample">
    <skipped/>
  </testcase> <!-- TestCase10 -->
  <testcase name="TestCase11" time="0.000" classname="project.ExtentReportsExample">
    <skipped/>
  </testcase> <!-- TestCase11 -->
  <testcase name="TestCase12" time="0.000" classname="project.ExtentReportsExample">
    <skipped/>
  </testcase> <!-- TestCase12 -->
  <testcase name="TestCase13" time="0.000" classname="project.ExtentReportsExample">
    <skipped/>
  </testcase> <!-- TestCase13 -->
  <testcase name="TestCase14" time="0.000" classname="project.ExtentReportsExample">
    <skipped/>
  </testcase> <!-- TestCase14 -->
  <testcase name="TestCase15" time="0.000" classname="project.ExtentReportsExample">
    <skipped/>
  </testcase> <!-- TestCase15 -->
</testsuite> <!-- project.ExtentReportsExample -->
