<html>
<head>
<title>TestNG:  OfflineWebsite</title>
<link href="../testng.css" rel="stylesheet" type="text/css" />
<link href="../my-testng.css" rel="stylesheet" type="text/css" />

<style type="text/css">
.log { display: none;} 
.stack-trace { display: none;} 
</style>
<script type="text/javascript">
<!--
function flip(e) {
  current = e.style.display;
  if (current == 'block') {
    e.style.display = 'none';
    return 0;
  }
  else {
    e.style.display = 'block';
    return 1;
  }
}

function toggleBox(szDivId, elem, msg1, msg2)
{
  var res = -1;  if (document.getElementById) {
    res = flip(document.getElementById(szDivId));
  }
  else if (document.all) {
    // this is the way old msie versions work
    res = flip(document.all[szDivId]);
  }
  if(elem) {
    if(res == 0) elem.innerHTML = msg1; else elem.innerHTML = msg2;
  }

}

function toggleAllBoxes() {
  if (document.getElementsByTagName) {
    d = document.getElementsByTagName('div');
    for (i = 0; i < d.length; i++) {
      if (d[i].className == 'log') {
        flip(d[i]);
      }
    }
  }
}

// -->
</script>

</head>
<body>
<h2 align='center'>OfflineWebsite</h2><table border='1' align="center">
<tr>
<td>Tests passed/Failed/Skipped:</td><td>14/1/0</td>
</tr><tr>
<td>Started on:</td><td>Wed Feb 27 21:28:26 IST 2019</td>
</tr>
<tr><td>Total time:</td><td>10 seconds (10983 ms)</td>
</tr><tr>
<td>Included groups:</td><td></td>
</tr><tr>
<td>Excluded groups:</td><td></td>
</tr>
</table><p/>
<small><i>(Hover the method name to see the test class name)</i></small><p/>
<table width='100%' border='1' class='invocation-failed'>
<tr><td colspan='4' align='center'><b>FAILED CONFIGURATIONS</b></td></tr>
<tr><td><b>Test method</b></td>
<td width="30%"><b>Exception</b></td>
<td width="10%"><b>Time (seconds)</b></td>
<td><b>Instance</b></td>
</tr>
<tr>
<td title='project.Exp1.getResult()'><b>getResult</b><br>Test class: project.Exp1</td>
<td><div><pre>org.testng.TestNGException: 
Can inject only one of &lt;ITestContext, XmlTest&gt; into a @AfterTest annotated getResult.
For more information on native dependency injection please refer to http://testng.org/doc/documentation-main.html#native-dependency-injection
... Removed 21 stack frames</pre></div><a href='#' onClick='toggleBox("stack-trace1447353473", this, "Click to show all stack frames", "Click to hide stack frames")'>Click to show all stack frames</a>
<div class='stack-trace' id='stack-trace1447353473'><pre>org.testng.TestNGException: 
Can inject only one of &lt;ITestContext, XmlTest&gt; into a @AfterTest annotated getResult.
For more information on native dependency injection please refer to http://testng.org/doc/documentation-main.html#native-dependency-injection
	at org.testng.internal.Parameters.checkParameterTypes(Parameters.java:407)
	at org.testng.internal.Parameters.createParametersForMethod(Parameters.java:356)
	at org.testng.internal.Parameters.createParameters(Parameters.java:635)
	at org.testng.internal.Parameters.createConfigurationParameters(Parameters.java:190)
	at org.testng.internal.Invoker.invokeConfigurations(Invoker.java:209)
	at org.testng.internal.Invoker.invokeConfigurations(Invoker.java:142)
	at org.testng.TestRunner.afterRun(TestRunner.java:725)
	at org.testng.TestRunner.run(TestRunner.java:509)
	at org.testng.SuiteRunner.runTest(SuiteRunner.java:455)
	at org.testng.SuiteRunner.runSequentially(SuiteRunner.java:450)
	at org.testng.SuiteRunner.privateRun(SuiteRunner.java:415)
	at org.testng.SuiteRunner.run(SuiteRunner.java:364)
	at org.testng.SuiteRunnerWorker.runSuite(SuiteRunnerWorker.java:52)
	at org.testng.SuiteRunnerWorker.run(SuiteRunnerWorker.java:84)
	at org.testng.TestNG.runSuitesSequentially(TestNG.java:1208)
	at org.testng.TestNG.runSuitesLocally(TestNG.java:1137)
	at org.testng.TestNG.runSuites(TestNG.java:1049)
	at org.testng.TestNG.run(TestNG.java:1017)
	at org.testng.remote.AbstractRemoteTestNG.run(AbstractRemoteTestNG.java:114)
	at org.testng.remote.RemoteTestNG.initAndRun(RemoteTestNG.java:251)
	at org.testng.remote.RemoteTestNG.main(RemoteTestNG.java:77)
</pre></div></td>
<td>0</td>
<td>project.Exp1@2a742aa2</td></tr>
</table><p>
<table width='100%' border='1' class='invocation-failed'>
<tr><td colspan='4' align='center'><b>FAILED TESTS</b></td></tr>
<tr><td><b>Test method</b></td>
<td width="30%"><b>Exception</b></td>
<td width="10%"><b>Time (seconds)</b></td>
<td><b>Instance</b></td>
</tr>
<tr>
<td title='project.Exp1.TestCase15()'><b>TestCase15</b><br>Test class: project.Exp1</td>
<td><div><pre>java.lang.AssertionError: expected:&lt;Corporate Training&gt; but was:&lt;Tutorials&gt;
	at project.Exp1.TestCase15(Exp1.java:367)
... Removed 27 stack frames</pre></div><a href='#' onClick='toggleBox("stack-trace824881806", this, "Click to show all stack frames", "Click to hide stack frames")'>Click to show all stack frames</a>
<div class='stack-trace' id='stack-trace824881806'><pre>java.lang.AssertionError: expected:&lt;Corporate Training&gt; but was:&lt;Tutorials&gt;
	at org.testng.AssertJUnit.assertEquals(AssertJUnit.java:101)
	at org.testng.AssertJUnit.assertEquals(AssertJUnit.java:108)
	at project.Exp1.TestCase15(Exp1.java:367)
	at sun.reflect.NativeMethodAccessorImpl.invoke0(Native Method)
	at sun.reflect.NativeMethodAccessorImpl.invoke(Unknown Source)
	at sun.reflect.DelegatingMethodAccessorImpl.invoke(Unknown Source)
	at java.lang.reflect.Method.invoke(Unknown Source)
	at org.testng.internal.MethodInvocationHelper.invokeMethod(MethodInvocationHelper.java:124)
	at org.testng.internal.Invoker.invokeMethod(Invoker.java:580)
	at org.testng.internal.Invoker.invokeTestMethod(Invoker.java:716)
	at org.testng.internal.Invoker.invokeTestMethods(Invoker.java:988)
	at org.testng.internal.TestMethodWorker.invokeTestMethods(TestMethodWorker.java:125)
	at org.testng.internal.TestMethodWorker.run(TestMethodWorker.java:109)
	at org.testng.TestRunner.privateRun(TestRunner.java:648)
	at org.testng.TestRunner.run(TestRunner.java:505)
	at org.testng.SuiteRunner.runTest(SuiteRunner.java:455)
	at org.testng.SuiteRunner.runSequentially(SuiteRunner.java:450)
	at org.testng.SuiteRunner.privateRun(SuiteRunner.java:415)
	at org.testng.SuiteRunner.run(SuiteRunner.java:364)
	at org.testng.SuiteRunnerWorker.runSuite(SuiteRunnerWorker.java:52)
	at org.testng.SuiteRunnerWorker.run(SuiteRunnerWorker.java:84)
	at org.testng.TestNG.runSuitesSequentially(TestNG.java:1208)
	at org.testng.TestNG.runSuitesLocally(TestNG.java:1137)
	at org.testng.TestNG.runSuites(TestNG.java:1049)
	at org.testng.TestNG.run(TestNG.java:1017)
	at org.testng.remote.AbstractRemoteTestNG.run(AbstractRemoteTestNG.java:114)
	at org.testng.remote.RemoteTestNG.initAndRun(RemoteTestNG.java:251)
	at org.testng.remote.RemoteTestNG.main(RemoteTestNG.java:77)
</pre></div></td>
<td>8</td>
<td>project.Exp1@2a742aa2</td></tr>
</table><p>
<table width='100%' border='1' class='invocation-passed'>
<tr><td colspan='4' align='center'><b>PASSED TESTS</b></td></tr>
<tr><td><b>Test method</b></td>
<td width="30%"><b>Exception</b></td>
<td width="10%"><b>Time (seconds)</b></td>
<td><b>Instance</b></td>
</tr>
<tr>
<td title='project.Exp1.TestCase1()'><b>TestCase1</b><br>Test class: project.Exp1</td>
<td></td>
<td>0</td>
<td>project.Exp1@2a742aa2</td></tr>
<tr>
<td title='project.Exp1.TestCase10()'><b>TestCase10</b><br>Test class: project.Exp1</td>
<td></td>
<td>0</td>
<td>project.Exp1@2a742aa2</td></tr>
<tr>
<td title='project.Exp1.TestCase11()'><b>TestCase11</b><br>Test class: project.Exp1</td>
<td></td>
<td>0</td>
<td>project.Exp1@2a742aa2</td></tr>
<tr>
<td title='project.Exp1.TestCase12()'><b>TestCase12</b><br>Test class: project.Exp1</td>
<td></td>
<td>0</td>
<td>project.Exp1@2a742aa2</td></tr>
<tr>
<td title='project.Exp1.TestCase13()'><b>TestCase13</b><br>Test class: project.Exp1</td>
<td></td>
<td>0</td>
<td>project.Exp1@2a742aa2</td></tr>
<tr>
<td title='project.Exp1.TestCase14()'><b>TestCase14</b><br>Test class: project.Exp1</td>
<td></td>
<td>0</td>
<td>project.Exp1@2a742aa2</td></tr>
<tr>
<td title='project.Exp1.TestCase2()'><b>TestCase2</b><br>Test class: project.Exp1</td>
<td></td>
<td>0</td>
<td>project.Exp1@2a742aa2</td></tr>
<tr>
<td title='project.Exp1.TestCase3()'><b>TestCase3</b><br>Test class: project.Exp1</td>
<td></td>
<td>0</td>
<td>project.Exp1@2a742aa2</td></tr>
<tr>
<td title='project.Exp1.TestCase4()'><b>TestCase4</b><br>Test class: project.Exp1</td>
<td></td>
<td>0</td>
<td>project.Exp1@2a742aa2</td></tr>
<tr>
<td title='project.Exp1.TestCase5()'><b>TestCase5</b><br>Test class: project.Exp1</td>
<td></td>
<td>0</td>
<td>project.Exp1@2a742aa2</td></tr>
<tr>
<td title='project.Exp1.TestCase6()'><b>TestCase6</b><br>Test class: project.Exp1</td>
<td></td>
<td>0</td>
<td>project.Exp1@2a742aa2</td></tr>
<tr>
<td title='project.Exp1.TestCase7()'><b>TestCase7</b><br>Test class: project.Exp1</td>
<td></td>
<td>0</td>
<td>project.Exp1@2a742aa2</td></tr>
<tr>
<td title='project.Exp1.TestCase8()'><b>TestCase8</b><br>Test class: project.Exp1</td>
<td></td>
<td>0</td>
<td>project.Exp1@2a742aa2</td></tr>
<tr>
<td title='project.Exp1.TestCase9()'><b>TestCase9</b><br>Test class: project.Exp1</td>
<td></td>
<td>0</td>
<td>project.Exp1@2a742aa2</td></tr>
</table><p>
</body>
</html>