<?xml version="1.0" encoding="UTF-8"?>
<!-- Generated by org.testng.reporters.JUnitXMLReporter -->
<testsuite hostname="DESKTOP-MCEU9RJ" ignored="2" name="Test" tests="3" failures="1" timestamp="27 Feb 2019 16:24:47 GMT" time="0.953" errors="0">
  <testcase name="failTest" time="0.016" classname="project.ExtentReportsClass">
    <failure type="java.lang.AssertionError">
      <![CDATA[java.lang.AssertionError: 
at project.ExtentReportsClass.failTest(ExtentReportsClass.java:57)
... Removed 28 stack frames]]>
    </failure>
  </testcase> <!-- failTest -->
  <testcase name="passTest" time="0.004" classname="project.ExtentReportsClass"/>
  <testcase name="skipTest" time="0.003" classname="project.ExtentReportsClass">
    <skipped/>
  </testcase> <!-- skipTest -->
  <testcase name="@BeforeSuite Launch_Browser" time="0.0" classname="project.Exp1">
    <ignored/>
  </testcase> <!-- @BeforeSuite Launch_Browser -->
  <testcase name="@AfterSuite teardown" time="0.0" classname="project.Exp1">
    <ignored/>
  </testcase> <!-- @AfterSuite teardown -->
</testsuite> <!-- Test -->
